<?xml version="1.0" encoding="UTF-8"?>
<testng-results ignored="0" total="1" passed="1" failed="0" skipped="0">
  <reporter-output>
  </reporter-output>
  <suite started-at="2022-03-28T12:33:27 IST" name="Default suite" finished-at="2022-03-28T12:33:27 IST" duration-ms="176">
    <groups>
    </groups>
    <test started-at="2022-03-28T12:33:27 IST" name="Default test" finished-at="2022-03-28T12:33:27 IST" duration-ms="176">
      <class name="com.crm.cheeteh.CreateContactTest">
        <test-method signature="contact()[pri:0, instance:com.crm.cheeteh.CreateContactTest@6283d8b8]" started-at="2022-03-28T12:33:27 IST" name="contact" finished-at="2022-03-28T12:33:27 IST" duration-ms="30" status="PASS">
          <reporter-output>
          </reporter-output>
        </test-method> <!-- contact -->
      </class> <!-- com.crm.cheeteh.CreateContactTest -->
    </test> <!-- Default test -->
  </suite> <!-- Default suite -->
</testng-results>
