<?xml version="1.0" encoding="UTF-8"?>
<testng-results ignored="0" total="1" passed="1" failed="0" skipped="0">
  <reporter-output>
  </reporter-output>
  <suite started-at="2022-03-29T14:49:17 IST" name="Default suite" finished-at="2022-03-29T14:49:17 IST" duration-ms="161">
    <groups>
    </groups>
    <test started-at="2022-03-29T14:49:17 IST" name="Default test" finished-at="2022-03-29T14:49:17 IST" duration-ms="161">
      <class name="com.crm.cheeteh.VtigerTest">
        <test-method signature="paramertes()[pri:0, instance:com.crm.cheeteh.VtigerTest@6283d8b8]" started-at="2022-03-29T14:49:17 IST" name="paramertes" finished-at="2022-03-29T14:49:17 IST" duration-ms="29" status="PASS">
          <reporter-output>
          </reporter-output>
        </test-method> <!-- paramertes -->
      </class> <!-- com.crm.cheeteh.VtigerTest -->
    </test> <!-- Default test -->
  </suite> <!-- Default suite -->
</testng-results>
